Build started 2/14/2012 11:00:05 PM.
     1>Project "C:\Users\Dinesh\DLB4VC\DLB\DLB\DLB.vcxproj" on node 2 (build target(s)).
     1>InitializeBuildStatus:
         Creating "Debug\DLB.unsuccessfulbuild" because "AlwaysCreate" was specified.
       ClCompile:
         C:\Program Files (x86)\Microsoft Visual Studio 10.0\VC\bin\CL.exe /c /ZI /nologo /W3 /WX- /Od /Oy- /D WIN32 /D _DEBUG /D _CONSOLE /D _UNICODE /D UNICODE /Gm /EHsc /RTC1 /MDd /GS /fp:precise /Zc:wchar_t /Zc:forScope /Fo"Debug\\" /Fd"Debug\vc100.pdb" /Gd /TP /analyze- /errorReport:prompt ..\..\src\DimacsGraphBuilder.cpp
         DimacsGraphBuilder.cpp
       ManifestResourceCompile:
         All outputs are up-to-date.
       Link:
         C:\Program Files (x86)\Microsoft Visual Studio 10.0\VC\bin\link.exe /ERRORREPORT:PROMPT /OUT:"C:\Users\Dinesh\DLB4VC\DLB\Debug\DLB.exe" /INCREMENTAL /NOLOGO kernel32.lib user32.lib gdi32.lib winspool.lib comdlg32.lib advapi32.lib shell32.lib ole32.lib oleaut32.lib uuid.lib odbc32.lib odbccp32.lib /MANIFEST /ManifestFile:"Debug\DLB.exe.intermediate.manifest" /MANIFESTUAC:"level='asInvoker' uiAccess='false'" /DEBUG /PDB:"C:\Users\Dinesh\DLB4VC\DLB\Debug\DLB.pdb" /SUBSYSTEM:CONSOLE /TLBID:1 /DYNAMICBASE /NXCOMPAT /IMPLIB:"C:\Users\Dinesh\DLB4VC\DLB\Debug\DLB.lib" /MACHINE:X86 Debug\DLB.exe.embed.manifest.res
         Debug\DimacsGraphBuilder.obj
         Debug\Graph.obj
         Debug\main.obj
         Debug\Node.obj
       Manifest:
         C:\Program Files (x86)\Microsoft SDKs\Windows\v7.0A\bin\mt.exe /nologo /verbose /out:"Debug\DLB.exe.embed.manifest" /manifest Debug\DLB.exe.intermediate.manifest
         All outputs are up-to-date.
       LinkEmbedManifest:
         All outputs are up-to-date.
         DLB.vcxproj -> C:\Users\Dinesh\DLB4VC\DLB\Debug\DLB.exe
       FinalizeBuildStatus:
         Deleting file "Debug\DLB.unsuccessfulbuild".
         Touching "Debug\DLB.lastbuildstate".
     1>Done Building Project "C:\Users\Dinesh\DLB4VC\DLB\DLB\DLB.vcxproj" (build target(s)).

Build succeeded.

Time Elapsed 00:00:03.20
