C:\USERS\DINESH\DLB4VC\DLB\DEBUG\DLB.EXE
C:\USERS\DINESH\DLB4VC\DLB\DEBUG\DLB.ILK
C:\USERS\DINESH\DLB4VC\DLB\DEBUG\DLB.PDB
C:\Users\Dinesh\DLB4VC\DLB\DLB\Debug\cl.command.1.tlog
C:\Users\Dinesh\DLB4VC\DLB\DLB\Debug\CL.read.1.tlog
C:\Users\Dinesh\DLB4VC\DLB\DLB\Debug\CL.write.1.tlog
C:\USERS\DINESH\DLB4VC\DLB\DLB\DEBUG\DLB.EXE.EMBED.MANIFEST
C:\USERS\DINESH\DLB4VC\DLB\DLB\DEBUG\DLB.EXE.EMBED.MANIFEST.RES
C:\USERS\DINESH\DLB4VC\DLB\DLB\DEBUG\DLB.EXE.INTERMEDIATE.MANIFEST
C:\Users\Dinesh\DLB4VC\DLB\DLB\Debug\DLB_manifest.rc
C:\Users\Dinesh\DLB4VC\DLB\DLB\Debug\link.4052.read.1.tlog
C:\Users\Dinesh\DLB4VC\DLB\DLB\Debug\link.4052.write.1.tlog
C:\Users\Dinesh\DLB4VC\DLB\DLB\Debug\link.4052-cvtres.read.1.tlog
C:\Users\Dinesh\DLB4VC\DLB\DLB\Debug\link.4052-cvtres.write.1.tlog
C:\Users\Dinesh\DLB4VC\DLB\DLB\Debug\link.command.1.tlog
C:\Users\Dinesh\DLB4VC\DLB\DLB\Debug\link.read.1.tlog
C:\Users\Dinesh\DLB4VC\DLB\DLB\Debug\link.write.1.tlog
C:\Users\Dinesh\DLB4VC\DLB\DLB\Debug\link-cvtres.read.1.tlog
C:\Users\Dinesh\DLB4VC\DLB\DLB\Debug\link-cvtres.write.1.tlog
C:\USERS\DINESH\DLB4VC\DLB\DLB\DEBUG\MAIN.OBJ
C:\Users\Dinesh\DLB4VC\DLB\DLB\Debug\mt.command.1.tlog
C:\Users\Dinesh\DLB4VC\DLB\DLB\Debug\mt.read.1.tlog
C:\Users\Dinesh\DLB4VC\DLB\DLB\Debug\mt.write.1.tlog
C:\USERS\DINESH\DLB4VC\DLB\DLB\DEBUG\NODE.OBJ
C:\Users\Dinesh\DLB4VC\DLB\DLB\Debug\rc.command.1.tlog
C:\Users\Dinesh\DLB4VC\DLB\DLB\Debug\rc.read.1.tlog
C:\Users\Dinesh\DLB4VC\DLB\DLB\Debug\rc.write.1.tlog
C:\Users\Dinesh\DLB4VC\DLB\DLB\Debug\vc100.idb
C:\USERS\DINESH\DLB4VC\DLB\DLB\DEBUG\VC100.PDB
